<?xml version="1.0" encoding="UTF-8"?>
<!-- Generated by org.testng.reporters.JUnitXMLReporter -->
<testsuite ignored="0" hostname="659170-54252" failures="0" tests="4" name="Command line test" time="0.032" errors="0" timestamp="2022-10-20T00:05:40 EDT">
  <testcase classname="com.QA.test.DemoTest" name="Div" time="0.004"/>
  <testcase classname="com.QA.test.DemoTest" name="Multi" time="0.001"/>
  <testcase classname="com.QA.test.DemoTest" name="sub" time="0.0"/>
  <testcase classname="com.QA.test.DemoTest" name="sum" time="0.0"/>
</testsuite> <!-- Command line test -->
